Using pre-set license
Built from '2020.3/staging' branch; Version is '2020.3.19f1 (68f137dc9bbe) revision 6877495'; Using compiler version '192528614'; Build Type 'Release'
OS: 'Windows 10 Pro; OS build 19043.1237; Version 2009; 64bit' Language: 'es' Physical Memory: 16342 MB
BatchMode: 1, IsHumanControllingUs: 0, StartBugReporterOnCrash: 0, Is64bit: 1, IsPro: 0

COMMAND LINE ARGUMENTS:
C:\Program Files\Unity\Hub\Editor\2020.3.19f1\Editor\Unity.exe
-adb2
-batchMode
-noUpm
-name
AssetImportWorker0
-projectPath
D:/Marcos Escandell/Entregables Unity/Entregable_1/Entregable 1
-logFile
Logs/AssetImportWorker0.log
-srvPort
55476
Successfully changed project path to: D:/Marcos Escandell/Entregables Unity/Entregable_1/Entregable 1
D:/Marcos Escandell/Entregables Unity/Entregable_1/Entregable 1
Using Asset Import Pipeline V2.
Refreshing native plugins compatible for Editor in 30.70 ms, found 2 plugins.
Preloading 0 native plugins for Editor in 0.00 ms.
Initialize engine version: 2020.3.19f1 (68f137dc9bbe)
[Subsystems] Discovering subsystems at path C:/Program Files/Unity/Hub/Editor/2020.3.19f1/Editor/Data/Resources/UnitySubsystems
[Subsystems] Discovering subsystems at path D:/Marcos Escandell/Entregables Unity/Entregable_1/Entregable 1/Assets
GfxDevice: creating device client; threaded=0
Direct3D:
    Version:  Direct3D 11.0 [level 11.1]
    Renderer: NVIDIA GeForce GTX 1050 Ti (ID=0x1c82)
    Vendor:   
    VRAM:     4018 MB
    Driver:   27.21.14.5671
Initialize mono
Mono path[0] = 'C:/Program Files/Unity/Hub/Editor/2020.3.19f1/Editor/Data/Managed'
Mono path[1] = 'C:/Program Files/Unity/Hub/Editor/2020.3.19f1/Editor/Data/MonoBleedingEdge/lib/mono/unityjit'
Mono config path = 'C:/Program Files/Unity/Hub/Editor/2020.3.19f1/Editor/Data/MonoBleedingEdge/etc'
Using monoOptions --debugger-agent=transport=dt_socket,embedding=1,server=y,suspend=n,address=127.0.0.1:56540
Begin MonoManager ReloadAssembly
Registering precompiled unity dll's ...
Register platform support module: C:/Program Files/Unity/Hub/Editor/2020.3.19f1/Editor/Data/PlaybackEngines/WindowsStandaloneSupport/UnityEditor.WindowsStandalone.Extensions.dll
Registered in 0.001971 seconds.
Native extension for WindowsStandalone target not found
Refreshing native plugins compatible for Editor in 30.25 ms, found 2 plugins.
Preloading 0 native plugins for Editor in 0.00 ms.
Mono: successfully reloaded assembly
- Completed reload, in  1.127 seconds
Domain Reload Profiling:
	ReloadAssembly (1128ms)
		BeginReloadAssembly (57ms)
			ExecutionOrderSort (0ms)
			DisableScriptedObjects (0ms)
			BackupInstance (0ms)
			ReleaseScriptingObjects (0ms)
			CreateAndSetChildDomain (1ms)
		EndReloadAssembly (439ms)
			LoadAssemblies (55ms)
			RebuildTransferFunctionScriptingTraits (0ms)
			SetupTypeCache (171ms)
			ReleaseScriptCaches (0ms)
			RebuildScriptCaches (32ms)
			SetupLoadedEditorAssemblies (163ms)
				LogAssemblyErrors (0ms)
				InitializePlatformSupportModulesInManaged (4ms)
				SetLoadedEditorAssemblies (0ms)
				RefreshPlugins (30ms)
				BeforeProcessingInitializeOnLoad (9ms)
				ProcessInitializeOnLoadAttributes (89ms)
				ProcessInitializeOnLoadMethodAttributes (30ms)
				AfterProcessingInitializeOnLoad (0ms)
				EditorAssembliesLoaded (0ms)
			ExecutionOrderSort2 (0ms)
			AwakeInstancesAfterBackupRestoration (0ms)
Platform modules already initialized, skipping
Registering precompiled user dll's ...
Registered in 0.001869 seconds.
Begin MonoManager ReloadAssembly
Native extension for WindowsStandalone target not found
Refreshing native plugins compatible for Editor in 0.29 ms, found 2 plugins.
Preloading 0 native plugins for Editor in 0.00 ms.
Mono: successfully reloaded assembly
- Completed reload, in  1.023 seconds
Domain Reload Profiling:
	ReloadAssembly (1024ms)
		BeginReloadAssembly (146ms)
			ExecutionOrderSort (0ms)
			DisableScriptedObjects (5ms)
			BackupInstance (0ms)
			ReleaseScriptingObjects (0ms)
			CreateAndSetChildDomain (18ms)
		EndReloadAssembly (809ms)
			LoadAssemblies (84ms)
			RebuildTransferFunctionScriptingTraits (0ms)
			SetupTypeCache (277ms)
			ReleaseScriptCaches (0ms)
			RebuildScriptCaches (46ms)
			SetupLoadedEditorAssemblies (296ms)
				LogAssemblyErrors (0ms)
				InitializePlatformSupportModulesInManaged (5ms)
				SetLoadedEditorAssemblies (0ms)
				RefreshPlugins (0ms)
				BeforeProcessingInitializeOnLoad (54ms)
				ProcessInitializeOnLoadAttributes (225ms)
				ProcessInitializeOnLoadMethodAttributes (5ms)
				AfterProcessingInitializeOnLoad (6ms)
				EditorAssembliesLoaded (0ms)
			ExecutionOrderSort2 (0ms)
			AwakeInstancesAfterBackupRestoration (7ms)
Platform modules already initialized, skipping
========================================================================
Worker process is ready to serve import requests
Launched and connected shader compiler UnityShaderCompiler.exe after 0.04 seconds
Refreshing native plugins compatible for Editor in 0.32 ms, found 2 plugins.
Preloading 0 native plugins for Editor in 0.00 ms.
Unloading 1397 Unused Serialized files (Serialized files now loaded: 0)
System memory in use before: 64.8 MB.
System memory in use after: 64.9 MB.

Unloading 16 unused Assets to reduce memory usage. Loaded Objects now: 1832.
Total: 2.996600 ms (FindLiveObjects: 0.131200 ms CreateObjectMapping: 0.040700 ms MarkObjects: 2.728600 ms  DeleteObjects: 0.094800 ms)

AssetImportParameters requested are different than current active one (requested -> active):
  custom:framework-win-MediaFoundation: 216162199b28c13a410421893ffa2e32 -> 
  custom:video-decoder-ogg-theora: a1e56fd34408186e4bbccfd4996cb3dc -> 
  custom:container-muxer-webm: aa71ff27fc2769a1b78a27578f13a17b -> 
  custom:container-demuxer-webm: 4f35f7cbe854078d1ac9338744f61a02 -> 
  custom:container-demuxer-ogg: 62fdf1f143b41e24485cea50d1cbac27 -> 
  custom:video-encoder-webm-vp8: eb34c28f22e8b96e1ab97ce403110664 -> 
  custom:video-decoder-webm-vp8: 9c59270c3fd7afecdb556c50c9e8de78 -> 
  custom:audio-decoder-ogg-vorbis: bf7c407c2cedff20999df2af8eb42d56 -> 
  custom:audio-encoder-webm-vorbis: bf7c407c2cedff20999df2af8eb42d56 -> 
========================================================================
Received Import Request.
  path: Assets/Scenes
  artifactKey: Guid(c1eec75dd31d34646b00a67688b3b316) Importer(815301076,1909f56bfc062723c751e8b465ee728b)
Start importing Assets/Scenes using Guid(c1eec75dd31d34646b00a67688b3b316) Importer(815301076,1909f56bfc062723c751e8b465ee728b)  -> (artifact id: 'b0f781994903f15c5ca8c7576f36500c') in 0.003678 seconds 
  Import took 0.005658 seconds .

========================================================================
Received Import Request.
  Time since last request: 3.989167 seconds.
  path: Assets/Scenes/SampleScene.unity
  artifactKey: Guid(9fc0d4010bbf28b4594072e72b8655ab) Importer(815301076,1909f56bfc062723c751e8b465ee728b)
Start importing Assets/Scenes/SampleScene.unity using Guid(9fc0d4010bbf28b4594072e72b8655ab) Importer(815301076,1909f56bfc062723c751e8b465ee728b)  -> (artifact id: '85059f4f9e1a832ed95adaa0d25c5c4c') in 0.009492 seconds 
  Import took 0.011940 seconds .

========================================================================
Received Import Request.
  Time since last request: 12.103487 seconds.
  path: Assets/Scenes/Entregable1.unity
  artifactKey: Guid(9fc0d4010bbf28b4594072e72b8655ab) Importer(815301076,1909f56bfc062723c751e8b465ee728b)
Start importing Assets/Scenes/Entregable1.unity using Guid(9fc0d4010bbf28b4594072e72b8655ab) Importer(815301076,1909f56bfc062723c751e8b465ee728b)  -> (artifact id: 'c0fc37430544b9e1645f8eef5db4cf2e') in 0.001476 seconds 
  Import took 0.004185 seconds .

========================================================================
Received Import Request.
  Time since last request: 641.580324 seconds.
  path: Assets
  artifactKey: Guid(00000000000000001000000000000000) Importer(815301076,1909f56bfc062723c751e8b465ee728b)
Start importing Assets using Guid(00000000000000001000000000000000) Importer(815301076,1909f56bfc062723c751e8b465ee728b)  -> (artifact id: '42d402b061de3733987d63b9cc3b64de') in 0.002070 seconds 
  Import took 0.004895 seconds .

========================================================================
Received Import Request.
  Time since last request: 10.658921 seconds.
  path: Assets/Prefabs
  artifactKey: Guid(022cfa018a7bade4d878171ada087652) Importer(815301076,1909f56bfc062723c751e8b465ee728b)
Start importing Assets/Prefabs using Guid(022cfa018a7bade4d878171ada087652) Importer(815301076,1909f56bfc062723c751e8b465ee728b)  -> (artifact id: '09db7f24b2685714f2ef83652cb79553') in 0.000976 seconds 
  Import took 0.003704 seconds .

========================================================================
Received Import Request.
  Time since last request: 5.175354 seconds.
  path: Assets/Prefabs/Player.prefab
  artifactKey: Guid(7f4bc0eaea2b4f54daa91a866e35f1a6) Importer(815301076,1909f56bfc062723c751e8b465ee728b)
Start importing Assets/Prefabs/Player.prefab using Guid(7f4bc0eaea2b4f54daa91a866e35f1a6) Importer(815301076,1909f56bfc062723c751e8b465ee728b)  -> (artifact id: 'ddde2fd96cacce46e25391576b919f20') in 0.101653 seconds 
  Import took 0.104399 seconds .

========================================================================
Received Import Request.
  Time since last request: 233.082281 seconds.
  path: Assets/New Folder
  artifactKey: Guid(9509f0e74ba6d414fb73d79de9f384c2) Importer(815301076,1909f56bfc062723c751e8b465ee728b)
Start importing Assets/New Folder using Guid(9509f0e74ba6d414fb73d79de9f384c2) Importer(815301076,1909f56bfc062723c751e8b465ee728b)  -> (artifact id: 'f9752de8ffbe2cb1991a1c833af6f6d6') in 0.000993 seconds 
  Import took 0.004477 seconds .

========================================================================
Received Import Request.
  Time since last request: 13.206258 seconds.
  path: Assets/Materials
  artifactKey: Guid(9509f0e74ba6d414fb73d79de9f384c2) Importer(815301076,1909f56bfc062723c751e8b465ee728b)
Start importing Assets/Materials using Guid(9509f0e74ba6d414fb73d79de9f384c2) Importer(815301076,1909f56bfc062723c751e8b465ee728b)  -> (artifact id: '9511637abe25ef9bef42159beb9b7da4') in 0.000903 seconds 
  Import took 0.003637 seconds .

========================================================================
Received Import Request.
  Time since last request: 13.452271 seconds.
  path: Assets/Materials/NicCage_mat.mat
  artifactKey: Guid(9618d542f8ce67646b92cc4b173409ba) Importer(815301076,1909f56bfc062723c751e8b465ee728b)
Start importing Assets/Materials/NicCage_mat.mat using Guid(9618d542f8ce67646b92cc4b173409ba) Importer(815301076,1909f56bfc062723c751e8b465ee728b)  -> (artifact id: '9c0c5d2a3c1655d666b6a459ab4966fb') in 0.037256 seconds 
  Import took 0.039907 seconds .

========================================================================
Received Import Request.
  Time since last request: 33.193981 seconds.
  path: Assets/Textures
  artifactKey: Guid(098805c790b051a469ca9cb6c2206515) Importer(815301076,1909f56bfc062723c751e8b465ee728b)
Start importing Assets/Textures using Guid(098805c790b051a469ca9cb6c2206515) Importer(815301076,1909f56bfc062723c751e8b465ee728b)  -> (artifact id: 'a647a0c41dee00cd159cba72e6d8ba18') in 0.002692 seconds 
  Import took 0.005205 seconds .

========================================================================
Received Import Request.
  Time since last request: 12.618637 seconds.
  path: Assets/Textures/164-1645991_cage-face-sublimation-doormat-nick-cage.png
  artifactKey: Guid(3e84947bb619f874a85edd4769c5b851) Importer(815301076,1909f56bfc062723c751e8b465ee728b)
Start importing Assets/Textures/164-1645991_cage-face-sublimation-doormat-nick-cage.png using Guid(3e84947bb619f874a85edd4769c5b851) Importer(815301076,1909f56bfc062723c751e8b465ee728b)  -> (artifact id: 'fcaae565ce470dc2a4238d24d0fcc42f') in 0.027107 seconds 
  Import took 0.030093 seconds .

========================================================================
Received Import Request.
  Time since last request: 40.244770 seconds.
  path: Assets/Prefabs/Player.prefab
  artifactKey: Guid(7f4bc0eaea2b4f54daa91a866e35f1a6) Importer(815301076,1909f56bfc062723c751e8b465ee728b)
Start importing Assets/Prefabs/Player.prefab using Guid(7f4bc0eaea2b4f54daa91a866e35f1a6) Importer(815301076,1909f56bfc062723c751e8b465ee728b)  -> (artifact id: 'cf9c07c03601a0520c15fa284b868701') in 0.009123 seconds 
  Import took 0.011940 seconds .

========================================================================
Received Import Request.
  Time since last request: 63.928292 seconds.
  path: Assets/Materials/Transparent_mat.mat
  artifactKey: Guid(b208d68dd66fc004f9546b80596065c8) Importer(815301076,1909f56bfc062723c751e8b465ee728b)
Start importing Assets/Materials/Transparent_mat.mat using Guid(b208d68dd66fc004f9546b80596065c8) Importer(815301076,1909f56bfc062723c751e8b465ee728b)  -> (artifact id: 'f6eee392b08738e9eacdf46cce4c2cc8') in 0.034335 seconds 
  Import took 0.036849 seconds .

========================================================================
Received Import Request.
  Time since last request: 41.563348 seconds.
  path: Assets/Materials/Grey_mat.mat
  artifactKey: Guid(4647735f8f31a4a40b1a9045a270681b) Importer(815301076,1909f56bfc062723c751e8b465ee728b)
Start importing Assets/Materials/Grey_mat.mat using Guid(4647735f8f31a4a40b1a9045a270681b) Importer(815301076,1909f56bfc062723c751e8b465ee728b)  -> (artifact id: 'b13a85b3e9844287a815e7b8c9d563b2') in 0.011267 seconds 
  Import took 0.013988 seconds .

========================================================================
Received Import Request.
  Time since last request: 24.374755 seconds.
  path: Assets/Materials/Nrown_mat.mat
  artifactKey: Guid(23cc1cf1873b2d942a65b7326a5e538b) Importer(815301076,1909f56bfc062723c751e8b465ee728b)
Start importing Assets/Materials/Nrown_mat.mat using Guid(23cc1cf1873b2d942a65b7326a5e538b) Importer(815301076,1909f56bfc062723c751e8b465ee728b)  -> (artifact id: 'edcfb6d241d115164ba60bc39b4eb988') in 0.009479 seconds 
  Import took 0.011979 seconds .

========================================================================
Received Import Request.
  Time since last request: 20.104489 seconds.
  path: Assets/Materials/Brown_mat.mat
  artifactKey: Guid(23cc1cf1873b2d942a65b7326a5e538b) Importer(815301076,1909f56bfc062723c751e8b465ee728b)
Start importing Assets/Materials/Brown_mat.mat using Guid(23cc1cf1873b2d942a65b7326a5e538b) Importer(815301076,1909f56bfc062723c751e8b465ee728b)  -> (artifact id: '3c56496b99cf5237ee14fb18cc81f070') in 0.008051 seconds 
  Import took 0.011246 seconds .

========================================================================
Received Import Request.
  Time since last request: 66.143102 seconds.
  path: Assets/Materials/Grey_mat.mat
  artifactKey: Guid(4647735f8f31a4a40b1a9045a270681b) Importer(815301076,1909f56bfc062723c751e8b465ee728b)
Start importing Assets/Materials/Grey_mat.mat using Guid(4647735f8f31a4a40b1a9045a270681b) Importer(815301076,1909f56bfc062723c751e8b465ee728b)  -> (artifact id: 'c2f9ab4c58c68ca62f2835302ea15590') in 0.009428 seconds 
  Import took 0.012050 seconds .

========================================================================
Received Import Request.
  Time since last request: 0.000275 seconds.
  path: Assets/Materials/Transparent_mat.mat
  artifactKey: Guid(b208d68dd66fc004f9546b80596065c8) Importer(815301076,1909f56bfc062723c751e8b465ee728b)
Start importing Assets/Materials/Transparent_mat.mat using Guid(b208d68dd66fc004f9546b80596065c8) Importer(815301076,1909f56bfc062723c751e8b465ee728b)  -> (artifact id: '0c127a0354a24b883ac9057b0c1e2bac') in 0.010961 seconds 
  Import took 0.013605 seconds .

========================================================================
Received Import Request.
  Time since last request: 0.000277 seconds.
  path: Assets/Materials/NicCage_mat.mat
  artifactKey: Guid(9618d542f8ce67646b92cc4b173409ba) Importer(815301076,1909f56bfc062723c751e8b465ee728b)
Start importing Assets/Materials/NicCage_mat.mat using Guid(9618d542f8ce67646b92cc4b173409ba) Importer(815301076,1909f56bfc062723c751e8b465ee728b)  -> (artifact id: 'a84fb0afd24d0265d3a72d6082974018') in 0.007917 seconds 
  Import took 0.010677 seconds .

========================================================================
Received Import Request.
  Time since last request: 15.426692 seconds.
  path: Assets/Prefabs/Player.prefab
  artifactKey: Guid(7f4bc0eaea2b4f54daa91a866e35f1a6) Importer(815301076,1909f56bfc062723c751e8b465ee728b)
Start importing Assets/Prefabs/Player.prefab using Guid(7f4bc0eaea2b4f54daa91a866e35f1a6) Importer(815301076,1909f56bfc062723c751e8b465ee728b)  -> (artifact id: '4c02c8e8f535b12f74ece6d3037bbaef') in 0.011416 seconds 
  Import took 0.014096 seconds .

========================================================================
Received Import Request.
  Time since last request: 42.499058 seconds.
  path: Assets/Prefabs/Enemy.prefab
  artifactKey: Guid(f47b1eca6661d104ba9f5b33efdbee18) Importer(815301076,1909f56bfc062723c751e8b465ee728b)
Start importing Assets/Prefabs/Enemy.prefab using Guid(f47b1eca6661d104ba9f5b33efdbee18) Importer(815301076,1909f56bfc062723c751e8b465ee728b)  -> (artifact id: 'fff3c1c4b1eecffc81df869f8d861b56') in 0.010373 seconds 
  Import took 0.014270 seconds .

========================================================================
Received Import Request.
  Time since last request: 74.836098 seconds.
  path: Assets/Prefabs/Enemy.prefab
  artifactKey: Guid(f47b1eca6661d104ba9f5b33efdbee18) Importer(815301076,1909f56bfc062723c751e8b465ee728b)
Start importing Assets/Prefabs/Enemy.prefab using Guid(f47b1eca6661d104ba9f5b33efdbee18) Importer(815301076,1909f56bfc062723c751e8b465ee728b)  -> (artifact id: '0c8dc83498ea290bc2e62c9e129713bf') in 0.194322 seconds 
  Import took 0.197134 seconds .

========================================================================
Received Import Request.
  Time since last request: 7.303027 seconds.
  path: Assets/Prefabs/Enemy.prefab
  artifactKey: Guid(f47b1eca6661d104ba9f5b33efdbee18) Importer(815301076,1909f56bfc062723c751e8b465ee728b)
Start importing Assets/Prefabs/Enemy.prefab using Guid(f47b1eca6661d104ba9f5b33efdbee18) Importer(815301076,1909f56bfc062723c751e8b465ee728b)  -> (artifact id: 'eabf8b8b9f335baa7d7a16d1005f8a81') in 0.012374 seconds 
  Import took 0.015652 seconds .

========================================================================
Received Import Request.
  Time since last request: 4.616380 seconds.
  path: Assets/Prefabs/Enemy.prefab
  artifactKey: Guid(f47b1eca6661d104ba9f5b33efdbee18) Importer(815301076,1909f56bfc062723c751e8b465ee728b)
Start importing Assets/Prefabs/Enemy.prefab using Guid(f47b1eca6661d104ba9f5b33efdbee18) Importer(815301076,1909f56bfc062723c751e8b465ee728b)  -> (artifact id: '04c1a573a691fbece59e1cbd4cd0a536') in 0.011736 seconds 
  Import took 0.015475 seconds .

========================================================================
Received Import Request.
  Time since last request: 2.601402 seconds.
  path: Assets/Prefabs/Enemy.prefab
  artifactKey: Guid(f47b1eca6661d104ba9f5b33efdbee18) Importer(815301076,1909f56bfc062723c751e8b465ee728b)
Start importing Assets/Prefabs/Enemy.prefab using Guid(f47b1eca6661d104ba9f5b33efdbee18) Importer(815301076,1909f56bfc062723c751e8b465ee728b)  -> (artifact id: 'a183b3054cff631478b4800907333fce') in 0.012507 seconds 
  Import took 0.015963 seconds .

========================================================================
Received Import Request.
  Time since last request: 6.232372 seconds.
  path: Assets/Prefabs/Enemy.prefab
  artifactKey: Guid(f47b1eca6661d104ba9f5b33efdbee18) Importer(815301076,1909f56bfc062723c751e8b465ee728b)
Start importing Assets/Prefabs/Enemy.prefab using Guid(f47b1eca6661d104ba9f5b33efdbee18) Importer(815301076,1909f56bfc062723c751e8b465ee728b)  -> (artifact id: '199aedb150e3e87781c541b27e2647c1') in 0.011145 seconds 
  Import took 0.014309 seconds .

========================================================================
Received Import Request.
  Time since last request: 1.995967 seconds.
  path: Assets/Prefabs/Enemy.prefab
  artifactKey: Guid(f47b1eca6661d104ba9f5b33efdbee18) Importer(815301076,1909f56bfc062723c751e8b465ee728b)
Start importing Assets/Prefabs/Enemy.prefab using Guid(f47b1eca6661d104ba9f5b33efdbee18) Importer(815301076,1909f56bfc062723c751e8b465ee728b)  -> (artifact id: '5b88e02ff51c9d03eec375149d6e4043') in 0.011559 seconds 
  Import took 0.014612 seconds .

========================================================================
Received Import Request.
  Time since last request: 3.414110 seconds.
  path: Assets/Prefabs/Enemy.prefab
  artifactKey: Guid(f47b1eca6661d104ba9f5b33efdbee18) Importer(815301076,1909f56bfc062723c751e8b465ee728b)
Start importing Assets/Prefabs/Enemy.prefab using Guid(f47b1eca6661d104ba9f5b33efdbee18) Importer(815301076,1909f56bfc062723c751e8b465ee728b)  -> (artifact id: '4439008d9e011511a9f11a2f7aa58ef5') in 0.011651 seconds 
  Import took 0.014684 seconds .

========================================================================
Received Import Request.
  Time since last request: 4.223070 seconds.
  path: Assets/Prefabs/Enemy.prefab
  artifactKey: Guid(f47b1eca6661d104ba9f5b33efdbee18) Importer(815301076,1909f56bfc062723c751e8b465ee728b)
Start importing Assets/Prefabs/Enemy.prefab using Guid(f47b1eca6661d104ba9f5b33efdbee18) Importer(815301076,1909f56bfc062723c751e8b465ee728b)  -> (artifact id: '3975f84108057353da7f25417eac7a41') in 0.011712 seconds 
  Import took 0.014748 seconds .

========================================================================
Received Import Request.
  Time since last request: 7.235725 seconds.
  path: Assets/Prefabs/Enemy.prefab
  artifactKey: Guid(f47b1eca6661d104ba9f5b33efdbee18) Importer(815301076,1909f56bfc062723c751e8b465ee728b)
Start importing Assets/Prefabs/Enemy.prefab using Guid(f47b1eca6661d104ba9f5b33efdbee18) Importer(815301076,1909f56bfc062723c751e8b465ee728b)  -> (artifact id: '354121d8a765d11011b501748993fd3f') in 0.011781 seconds 
  Import took 0.014775 seconds .

========================================================================
Received Import Request.
  Time since last request: 3.011341 seconds.
  path: Assets/Prefabs/Enemy.prefab
  artifactKey: Guid(f47b1eca6661d104ba9f5b33efdbee18) Importer(815301076,1909f56bfc062723c751e8b465ee728b)
Start importing Assets/Prefabs/Enemy.prefab using Guid(f47b1eca6661d104ba9f5b33efdbee18) Importer(815301076,1909f56bfc062723c751e8b465ee728b)  -> (artifact id: '1b33c82e0303442d79e2b1a686f8f15e') in 0.011634 seconds 
  Import took 0.014653 seconds .

========================================================================
Received Import Request.
  Time since last request: 5.231136 seconds.
  path: Assets/Prefabs/Enemy.prefab
  artifactKey: Guid(f47b1eca6661d104ba9f5b33efdbee18) Importer(815301076,1909f56bfc062723c751e8b465ee728b)
Start importing Assets/Prefabs/Enemy.prefab using Guid(f47b1eca6661d104ba9f5b33efdbee18) Importer(815301076,1909f56bfc062723c751e8b465ee728b)  -> (artifact id: 'd4778eaf3ce007ec53830e0b85635059') in 0.011783 seconds 
  Import took 0.015042 seconds .

========================================================================
Received Import Request.
  Time since last request: 14.706524 seconds.
  path: Assets/Prefabs/Enemy.prefab
  artifactKey: Guid(f47b1eca6661d104ba9f5b33efdbee18) Importer(815301076,1909f56bfc062723c751e8b465ee728b)
Start importing Assets/Prefabs/Enemy.prefab using Guid(f47b1eca6661d104ba9f5b33efdbee18) Importer(815301076,1909f56bfc062723c751e8b465ee728b)  -> (artifact id: 'baad998e1de784b9c397c61bdfb865ed') in 0.011776 seconds 
  Import took 0.015863 seconds .

========================================================================
Received Import Request.
  Time since last request: 1.189839 seconds.
  path: Assets/Prefabs/Enemy.prefab
  artifactKey: Guid(f47b1eca6661d104ba9f5b33efdbee18) Importer(815301076,1909f56bfc062723c751e8b465ee728b)
Start importing Assets/Prefabs/Enemy.prefab using Guid(f47b1eca6661d104ba9f5b33efdbee18) Importer(815301076,1909f56bfc062723c751e8b465ee728b)  -> (artifact id: '7196aad1d6ea34d517fbeb24f0f9e159') in 0.010901 seconds 
  Import took 0.014052 seconds .

========================================================================
Received Import Request.
  Time since last request: 4.017901 seconds.
  path: Assets/Prefabs/Enemy.prefab
  artifactKey: Guid(f47b1eca6661d104ba9f5b33efdbee18) Importer(815301076,1909f56bfc062723c751e8b465ee728b)
Start importing Assets/Prefabs/Enemy.prefab using Guid(f47b1eca6661d104ba9f5b33efdbee18) Importer(815301076,1909f56bfc062723c751e8b465ee728b)  -> (artifact id: 'e22d28715962a41cce2877bc20a32f50') in 0.011302 seconds 
  Import took 0.014409 seconds .

========================================================================
Received Import Request.
  Time since last request: 3.620060 seconds.
  path: Assets/Prefabs/Enemy.prefab
  artifactKey: Guid(f47b1eca6661d104ba9f5b33efdbee18) Importer(815301076,1909f56bfc062723c751e8b465ee728b)
Start importing Assets/Prefabs/Enemy.prefab using Guid(f47b1eca6661d104ba9f5b33efdbee18) Importer(815301076,1909f56bfc062723c751e8b465ee728b)  -> (artifact id: '0a205bfa44feccff65de96bc6aed4e34') in 0.011405 seconds 
  Import took 0.014500 seconds .

========================================================================
Received Import Request.
  Time since last request: 1.795689 seconds.
  path: Assets/Prefabs/Enemy.prefab
  artifactKey: Guid(f47b1eca6661d104ba9f5b33efdbee18) Importer(815301076,1909f56bfc062723c751e8b465ee728b)
Start importing Assets/Prefabs/Enemy.prefab using Guid(f47b1eca6661d104ba9f5b33efdbee18) Importer(815301076,1909f56bfc062723c751e8b465ee728b)  -> (artifact id: '39c57ecfc93da0ca58cddf524d705efe') in 0.011574 seconds 
  Import took 0.014830 seconds .

========================================================================
Received Import Request.
  Time since last request: 5.431087 seconds.
  path: Assets/Prefabs/Enemy.prefab
  artifactKey: Guid(f47b1eca6661d104ba9f5b33efdbee18) Importer(815301076,1909f56bfc062723c751e8b465ee728b)
Start importing Assets/Prefabs/Enemy.prefab using Guid(f47b1eca6661d104ba9f5b33efdbee18) Importer(815301076,1909f56bfc062723c751e8b465ee728b)  -> (artifact id: '3117b2ff2646ef995c0f5a40cdeef195') in 0.011144 seconds 
  Import took 0.014151 seconds .

========================================================================
Received Import Request.
  Time since last request: 1.605833 seconds.
  path: Assets/Prefabs/Enemy.prefab
  artifactKey: Guid(f47b1eca6661d104ba9f5b33efdbee18) Importer(815301076,1909f56bfc062723c751e8b465ee728b)
Start importing Assets/Prefabs/Enemy.prefab using Guid(f47b1eca6661d104ba9f5b33efdbee18) Importer(815301076,1909f56bfc062723c751e8b465ee728b)  -> (artifact id: '36687a7f24236e305ce11d6fc07d92b4') in 0.011097 seconds 
  Import took 0.014088 seconds .

========================================================================
Received Import Request.
  Time since last request: 14.886178 seconds.
  path: Assets/Prefabs/Enemy.prefab
  artifactKey: Guid(f47b1eca6661d104ba9f5b33efdbee18) Importer(815301076,1909f56bfc062723c751e8b465ee728b)
Start importing Assets/Prefabs/Enemy.prefab using Guid(f47b1eca6661d104ba9f5b33efdbee18) Importer(815301076,1909f56bfc062723c751e8b465ee728b)  -> (artifact id: '65692f276dc56353dbab9b753210f1ef') in 0.012478 seconds 
  Import took 0.015604 seconds .

========================================================================
Received Import Request.
  Time since last request: 3.620658 seconds.
  path: Assets/Prefabs/Enemy.prefab
  artifactKey: Guid(f47b1eca6661d104ba9f5b33efdbee18) Importer(815301076,1909f56bfc062723c751e8b465ee728b)
Start importing Assets/Prefabs/Enemy.prefab using Guid(f47b1eca6661d104ba9f5b33efdbee18) Importer(815301076,1909f56bfc062723c751e8b465ee728b)  -> (artifact id: '9fac81ec3f467643356d1256f5480144') in 0.011957 seconds 
  Import took 0.015350 seconds .

========================================================================
Received Import Request.
  Time since last request: 3.624879 seconds.
  path: Assets/Prefabs/Enemy.prefab
  artifactKey: Guid(f47b1eca6661d104ba9f5b33efdbee18) Importer(815301076,1909f56bfc062723c751e8b465ee728b)
Start importing Assets/Prefabs/Enemy.prefab using Guid(f47b1eca6661d104ba9f5b33efdbee18) Importer(815301076,1909f56bfc062723c751e8b465ee728b)  -> (artifact id: '0b4127cdfb72f5f2d892c243411799b1') in 0.011246 seconds 
  Import took 0.015179 seconds .

========================================================================
Received Import Request.
  Time since last request: 3.823948 seconds.
  path: Assets/Prefabs/Enemy.prefab
  artifactKey: Guid(f47b1eca6661d104ba9f5b33efdbee18) Importer(815301076,1909f56bfc062723c751e8b465ee728b)
Start importing Assets/Prefabs/Enemy.prefab using Guid(f47b1eca6661d104ba9f5b33efdbee18) Importer(815301076,1909f56bfc062723c751e8b465ee728b)  -> (artifact id: '4c9fc14be721184bd233430643e1249a') in 0.010356 seconds 
  Import took 0.014164 seconds .

========================================================================
Received Import Request.
  Time since last request: 11.479215 seconds.
  path: Assets/Prefabs/Enemy.prefab
  artifactKey: Guid(f47b1eca6661d104ba9f5b33efdbee18) Importer(815301076,1909f56bfc062723c751e8b465ee728b)
Start importing Assets/Prefabs/Enemy.prefab using Guid(f47b1eca6661d104ba9f5b33efdbee18) Importer(815301076,1909f56bfc062723c751e8b465ee728b)  -> (artifact id: '1b4b46cbabfcaed3a9c3adc5329e19b7') in 0.011740 seconds 
  Import took 0.014780 seconds .

========================================================================
Received Import Request.
  Time since last request: 10.457259 seconds.
  path: Assets/Prefabs/Enemy.prefab
  artifactKey: Guid(f47b1eca6661d104ba9f5b33efdbee18) Importer(815301076,1909f56bfc062723c751e8b465ee728b)
Start importing Assets/Prefabs/Enemy.prefab using Guid(f47b1eca6661d104ba9f5b33efdbee18) Importer(815301076,1909f56bfc062723c751e8b465ee728b)  -> (artifact id: '7d8dd5b9d8c50447aace086b7391133d') in 0.010592 seconds 
  Import took 0.014045 seconds .

========================================================================
Received Import Request.
  Time since last request: 152.703625 seconds.
  path: Assets/Tree_Textures/diffuse.png
  artifactKey: Guid(5d663623b7205aa4c8d92b288e6f3ee0) Importer(815301076,1909f56bfc062723c751e8b465ee728b)
Start importing Assets/Tree_Textures/diffuse.png using Guid(5d663623b7205aa4c8d92b288e6f3ee0) Importer(815301076,1909f56bfc062723c751e8b465ee728b)  -> (artifact id: '94611d8bd42601fd4fd076f18cfb1803') in 0.005742 seconds 
  Import took 0.008462 seconds .

========================================================================
Received Import Request.
  Time since last request: 0.000243 seconds.
  path: Assets/Tree_Textures/normal_specular.png
  artifactKey: Guid(1760ef048b7df1e45b400f725126af12) Importer(815301076,1909f56bfc062723c751e8b465ee728b)
Start importing Assets/Tree_Textures/normal_specular.png using Guid(1760ef048b7df1e45b400f725126af12) Importer(815301076,1909f56bfc062723c751e8b465ee728b)  -> (artifact id: '6494a26dfd97c5d983b3e872addb2f9a') in 0.005208 seconds 
  Import took 0.007638 seconds .

========================================================================
Received Import Request.
  Time since last request: 0.000228 seconds.
  path: Assets/Tree_Textures/shadow.png
  artifactKey: Guid(1b59452d41321114284049b30ffe7129) Importer(815301076,1909f56bfc062723c751e8b465ee728b)
Start importing Assets/Tree_Textures/shadow.png using Guid(1b59452d41321114284049b30ffe7129) Importer(815301076,1909f56bfc062723c751e8b465ee728b)  -> (artifact id: '1a9b4d60920d717dcf305168b767692c') in 0.007622 seconds 
  Import took 0.010619 seconds .

========================================================================
Received Import Request.
  Time since last request: 0.000296 seconds.
  path: Assets/Tree_Textures/translucency_gloss.png
  artifactKey: Guid(87861652d80623f4384eba9a69c34a7f) Importer(815301076,1909f56bfc062723c751e8b465ee728b)
Start importing Assets/Tree_Textures/translucency_gloss.png using Guid(87861652d80623f4384eba9a69c34a7f) Importer(815301076,1909f56bfc062723c751e8b465ee728b)  -> (artifact id: '342ed2e20fa822c101449011a54e29ba') in 0.011199 seconds 
  Import took 0.014316 seconds .

========================================================================
Received Import Request.
  Time since last request: 5.704592 seconds.
  path: Assets/Tree.prefab
  artifactKey: Guid(202eab4bcad9cb149810a6968757ae52) Importer(815301076,1909f56bfc062723c751e8b465ee728b)
Start importing Assets/Tree.prefab using Guid(202eab4bcad9cb149810a6968757ae52) Importer(815301076,1909f56bfc062723c751e8b465ee728b)  -> (artifact id: '1d6669b108037d1a0b2b4f4b3a25d95c') in 0.172149 seconds 
  Import took 0.175684 seconds .

========================================================================
Received Import Request.
  Time since last request: 15.434404 seconds.
  path: Assets/Prefabs/Enemy.prefab
  artifactKey: Guid(f47b1eca6661d104ba9f5b33efdbee18) Importer(815301076,1909f56bfc062723c751e8b465ee728b)
Start importing Assets/Prefabs/Enemy.prefab using Guid(f47b1eca6661d104ba9f5b33efdbee18) Importer(815301076,1909f56bfc062723c751e8b465ee728b)  -> (artifact id: '2705dfd2299f106532f1dde74433cc67') in 0.010582 seconds 
  Import took 0.013271 seconds .

========================================================================
Received Import Request.
  Time since last request: 4.873343 seconds.
  path: Assets/Prefabs/Enemy.prefab
  artifactKey: Guid(f47b1eca6661d104ba9f5b33efdbee18) Importer(815301076,1909f56bfc062723c751e8b465ee728b)
Start importing Assets/Prefabs/Enemy.prefab using Guid(f47b1eca6661d104ba9f5b33efdbee18) Importer(815301076,1909f56bfc062723c751e8b465ee728b)  -> (artifact id: 'ea90879f6377ce75c36b17c25c9d4da6') in 0.012764 seconds 
  Import took 0.015778 seconds .

========================================================================
Received Import Request.
  Time since last request: 0.791819 seconds.
  path: Assets/Prefabs/Enemy.prefab
  artifactKey: Guid(f47b1eca6661d104ba9f5b33efdbee18) Importer(815301076,1909f56bfc062723c751e8b465ee728b)
Start importing Assets/Prefabs/Enemy.prefab using Guid(f47b1eca6661d104ba9f5b33efdbee18) Importer(815301076,1909f56bfc062723c751e8b465ee728b)  -> (artifact id: '42559522125b31ea028887034506827c') in 0.009700 seconds 
  Import took 0.012813 seconds .

========================================================================
Received Import Request.
  Time since last request: 12.259192 seconds.
  path: Assets/Prefabs/Enemy.prefab
  artifactKey: Guid(f47b1eca6661d104ba9f5b33efdbee18) Importer(815301076,1909f56bfc062723c751e8b465ee728b)
Start importing Assets/Prefabs/Enemy.prefab using Guid(f47b1eca6661d104ba9f5b33efdbee18) Importer(815301076,1909f56bfc062723c751e8b465ee728b)  -> (artifact id: 'c4f25cf42c8109d6592ab30a43eddd87') in 0.023545 seconds 
  Import took 0.027383 seconds .

========================================================================
Received Import Request.
  Time since last request: 2.983248 seconds.
  path: Assets/Prefabs/Enemy.prefab
  artifactKey: Guid(f47b1eca6661d104ba9f5b33efdbee18) Importer(815301076,1909f56bfc062723c751e8b465ee728b)
Start importing Assets/Prefabs/Enemy.prefab using Guid(f47b1eca6661d104ba9f5b33efdbee18) Importer(815301076,1909f56bfc062723c751e8b465ee728b)  -> (artifact id: '5d2e8fd28e130d2cda6c083f6742f1de') in 0.009939 seconds 
  Import took 0.013499 seconds .

========================================================================
Received Import Request.
  Time since last request: 32.730240 seconds.
  path: Assets/Prefabs/Enemy.prefab
  artifactKey: Guid(f47b1eca6661d104ba9f5b33efdbee18) Importer(815301076,1909f56bfc062723c751e8b465ee728b)
Start importing Assets/Prefabs/Enemy.prefab using Guid(f47b1eca6661d104ba9f5b33efdbee18) Importer(815301076,1909f56bfc062723c751e8b465ee728b)  -> (artifact id: 'a0e6431d9c2d14fb500f0312462cd287') in 0.023744 seconds 
  Import took 0.026537 seconds .

========================================================================
Received Import Request.
  Time since last request: 17.187848 seconds.
  path: Assets/Prefabs/Enemy.prefab
  artifactKey: Guid(f47b1eca6661d104ba9f5b33efdbee18) Importer(815301076,1909f56bfc062723c751e8b465ee728b)
Start importing Assets/Prefabs/Enemy.prefab using Guid(f47b1eca6661d104ba9f5b33efdbee18) Importer(815301076,1909f56bfc062723c751e8b465ee728b)  -> (artifact id: '7646b79118ef192e5caa026e6fa4ad8d') in 0.009717 seconds 
  Import took 0.012755 seconds .

========================================================================
Received Import Request.
  Time since last request: 34.454052 seconds.
  path: Assets/Prefabs/Enemy.prefab
  artifactKey: Guid(f47b1eca6661d104ba9f5b33efdbee18) Importer(815301076,1909f56bfc062723c751e8b465ee728b)
Start importing Assets/Prefabs/Enemy.prefab using Guid(f47b1eca6661d104ba9f5b33efdbee18) Importer(815301076,1909f56bfc062723c751e8b465ee728b)  -> (artifact id: '5058cfc6188cf0ae15e681e20b511116') in 0.013254 seconds 
  Import took 0.017140 seconds .

========================================================================
Received Import Request.
  Time since last request: 4.209082 seconds.
  path: Assets/Prefabs/Enemy.prefab
  artifactKey: Guid(f47b1eca6661d104ba9f5b33efdbee18) Importer(815301076,1909f56bfc062723c751e8b465ee728b)
Start importing Assets/Prefabs/Enemy.prefab using Guid(f47b1eca6661d104ba9f5b33efdbee18) Importer(815301076,1909f56bfc062723c751e8b465ee728b)  -> (artifact id: '8e114e4c24c5ba69cb5503f066af140a') in 0.013399 seconds 
  Import took 0.016910 seconds .

========================================================================
Received Import Request.
  Time since last request: 1.195491 seconds.
  path: Assets/Prefabs/Enemy.prefab
  artifactKey: Guid(f47b1eca6661d104ba9f5b33efdbee18) Importer(815301076,1909f56bfc062723c751e8b465ee728b)
Start importing Assets/Prefabs/Enemy.prefab using Guid(f47b1eca6661d104ba9f5b33efdbee18) Importer(815301076,1909f56bfc062723c751e8b465ee728b)  -> (artifact id: '1e228c4fe02a2171ac1223a20d292795') in 0.013696 seconds 
  Import took 0.016756 seconds .

========================================================================
Received Import Request.
  Time since last request: 4.409370 seconds.
  path: Assets/Prefabs/Enemy.prefab
  artifactKey: Guid(f47b1eca6661d104ba9f5b33efdbee18) Importer(815301076,1909f56bfc062723c751e8b465ee728b)
Start importing Assets/Prefabs/Enemy.prefab using Guid(f47b1eca6661d104ba9f5b33efdbee18) Importer(815301076,1909f56bfc062723c751e8b465ee728b)  -> (artifact id: '4e1d7796bd7815660c28e6ad22943da2') in 0.010129 seconds 
  Import took 0.013672 seconds .

========================================================================
Received Import Request.
  Time since last request: 6.238113 seconds.
  path: Assets/Prefabs/Enemy.prefab
  artifactKey: Guid(f47b1eca6661d104ba9f5b33efdbee18) Importer(815301076,1909f56bfc062723c751e8b465ee728b)
Start importing Assets/Prefabs/Enemy.prefab using Guid(f47b1eca6661d104ba9f5b33efdbee18) Importer(815301076,1909f56bfc062723c751e8b465ee728b)  -> (artifact id: '6b813f3bf902f622888756c0f277cdb7') in 0.010268 seconds 
  Import took 0.013148 seconds .

========================================================================
Received Import Request.
  Time since last request: 3.606265 seconds.
  path: Assets/Prefabs/Enemy.prefab
  artifactKey: Guid(f47b1eca6661d104ba9f5b33efdbee18) Importer(815301076,1909f56bfc062723c751e8b465ee728b)
Start importing Assets/Prefabs/Enemy.prefab using Guid(f47b1eca6661d104ba9f5b33efdbee18) Importer(815301076,1909f56bfc062723c751e8b465ee728b)  -> (artifact id: '43a2828f83fd01776b8f36d3a7cdd581') in 0.010414 seconds 
  Import took 0.013791 seconds .

========================================================================
Received Import Request.
  Time since last request: 3.615060 seconds.
  path: Assets/Prefabs/Enemy.prefab
  artifactKey: Guid(f47b1eca6661d104ba9f5b33efdbee18) Importer(815301076,1909f56bfc062723c751e8b465ee728b)
Start importing Assets/Prefabs/Enemy.prefab using Guid(f47b1eca6661d104ba9f5b33efdbee18) Importer(815301076,1909f56bfc062723c751e8b465ee728b)  -> (artifact id: 'b05cb26b6ef8e693d579825aaabccf89') in 0.009184 seconds 
  Import took 0.012499 seconds .

========================================================================
Received Import Request.
  Time since last request: 9.467573 seconds.
  path: Assets/Prefabs/Enemy.prefab
  artifactKey: Guid(f47b1eca6661d104ba9f5b33efdbee18) Importer(815301076,1909f56bfc062723c751e8b465ee728b)
Start importing Assets/Prefabs/Enemy.prefab using Guid(f47b1eca6661d104ba9f5b33efdbee18) Importer(815301076,1909f56bfc062723c751e8b465ee728b)  -> (artifact id: 'b1f1186b52eb7eab88622c10324b2001') in 0.009620 seconds 
  Import took 0.012888 seconds .

========================================================================
Received Import Request.
  Time since last request: 3.412769 seconds.
  path: Assets/Prefabs/Enemy.prefab
  artifactKey: Guid(f47b1eca6661d104ba9f5b33efdbee18) Importer(815301076,1909f56bfc062723c751e8b465ee728b)
Start importing Assets/Prefabs/Enemy.prefab using Guid(f47b1eca6661d104ba9f5b33efdbee18) Importer(815301076,1909f56bfc062723c751e8b465ee728b)  -> (artifact id: '9b38db343a9fe08ab3d33fc7b956edb1') in 0.010091 seconds 
  Import took 0.013940 seconds .

========================================================================
Received Import Request.
  Time since last request: 5.424974 seconds.
  path: Assets/Prefabs/Enemy.prefab
  artifactKey: Guid(f47b1eca6661d104ba9f5b33efdbee18) Importer(815301076,1909f56bfc062723c751e8b465ee728b)
Start importing Assets/Prefabs/Enemy.prefab using Guid(f47b1eca6661d104ba9f5b33efdbee18) Importer(815301076,1909f56bfc062723c751e8b465ee728b)  -> (artifact id: '9a073174fc8a26f8af01f13db5024828') in 0.011024 seconds 
  Import took 0.014236 seconds .

========================================================================
Received Import Request.
  Time since last request: 11.270669 seconds.
  path: Assets/Prefabs/Enemy.prefab
  artifactKey: Guid(f47b1eca6661d104ba9f5b33efdbee18) Importer(815301076,1909f56bfc062723c751e8b465ee728b)
Start importing Assets/Prefabs/Enemy.prefab using Guid(f47b1eca6661d104ba9f5b33efdbee18) Importer(815301076,1909f56bfc062723c751e8b465ee728b)  -> (artifact id: 'b6fc542935432d81a3cf2ad353cf9638') in 0.010304 seconds 
  Import took 0.013733 seconds .

========================================================================
Received Import Request.
  Time since last request: 5.220749 seconds.
  path: Assets/Prefabs/Enemy.prefab
  artifactKey: Guid(f47b1eca6661d104ba9f5b33efdbee18) Importer(815301076,1909f56bfc062723c751e8b465ee728b)
Start importing Assets/Prefabs/Enemy.prefab using Guid(f47b1eca6661d104ba9f5b33efdbee18) Importer(815301076,1909f56bfc062723c751e8b465ee728b)  -> (artifact id: '846cf94fb0c9b4d3835f7cde1bc691f5') in 0.010046 seconds 
  Import took 0.013479 seconds .

========================================================================
Received Import Request.
  Time since last request: 104.285155 seconds.
  path: Assets/Prefabs/Enemy.prefab
  artifactKey: Guid(f47b1eca6661d104ba9f5b33efdbee18) Importer(815301076,1909f56bfc062723c751e8b465ee728b)
Start importing Assets/Prefabs/Enemy.prefab using Guid(f47b1eca6661d104ba9f5b33efdbee18) Importer(815301076,1909f56bfc062723c751e8b465ee728b)  -> (artifact id: '76a475f95c6af72ecec48bc4c6bba243') in 0.012626 seconds 
  Import took 0.015529 seconds .

========================================================================
Received Import Request.
  Time since last request: 2.598233 seconds.
  path: Assets/Prefabs/Enemy.prefab
  artifactKey: Guid(f47b1eca6661d104ba9f5b33efdbee18) Importer(815301076,1909f56bfc062723c751e8b465ee728b)
Start importing Assets/Prefabs/Enemy.prefab using Guid(f47b1eca6661d104ba9f5b33efdbee18) Importer(815301076,1909f56bfc062723c751e8b465ee728b)  -> (artifact id: 'b6c19a7a62ec5f0bfe1e509641e4395b') in 0.012882 seconds 
  Import took 0.016272 seconds .

========================================================================
Received Import Request.
  Time since last request: 3.214117 seconds.
  path: Assets/Prefabs/Enemy.prefab
  artifactKey: Guid(f47b1eca6661d104ba9f5b33efdbee18) Importer(815301076,1909f56bfc062723c751e8b465ee728b)
Start importing Assets/Prefabs/Enemy.prefab using Guid(f47b1eca6661d104ba9f5b33efdbee18) Importer(815301076,1909f56bfc062723c751e8b465ee728b)  -> (artifact id: '7b3435196e40f827a9b5ffd1fe8bd5a7') in 0.010652 seconds 
  Import took 0.014233 seconds .

========================================================================
Received Import Request.
  Time since last request: 5.421897 seconds.
  path: Assets/Prefabs/Enemy.prefab
  artifactKey: Guid(f47b1eca6661d104ba9f5b33efdbee18) Importer(815301076,1909f56bfc062723c751e8b465ee728b)
Start importing Assets/Prefabs/Enemy.prefab using Guid(f47b1eca6661d104ba9f5b33efdbee18) Importer(815301076,1909f56bfc062723c751e8b465ee728b)  -> (artifact id: '23fd92904b18a411c1a1af67556915c3') in 0.010492 seconds 
  Import took 0.014880 seconds .

========================================================================
Received Import Request.
  Time since last request: 10.282100 seconds.
  path: Assets/Prefabs/Enemy.prefab
  artifactKey: Guid(f47b1eca6661d104ba9f5b33efdbee18) Importer(815301076,1909f56bfc062723c751e8b465ee728b)
Start importing Assets/Prefabs/Enemy.prefab using Guid(f47b1eca6661d104ba9f5b33efdbee18) Importer(815301076,1909f56bfc062723c751e8b465ee728b)  -> (artifact id: 'fa0ccbc50177dff117d5584494ce0916') in 0.010712 seconds 
  Import took 0.014302 seconds .

========================================================================
Received Import Request.
  Time since last request: 4.014740 seconds.
  path: Assets/Prefabs/Enemy.prefab
  artifactKey: Guid(f47b1eca6661d104ba9f5b33efdbee18) Importer(815301076,1909f56bfc062723c751e8b465ee728b)
Start importing Assets/Prefabs/Enemy.prefab using Guid(f47b1eca6661d104ba9f5b33efdbee18) Importer(815301076,1909f56bfc062723c751e8b465ee728b)  -> (artifact id: 'b1500ba1be24c51288e5ff9219975baa') in 0.010634 seconds 
  Import took 0.014003 seconds .

========================================================================
Received Import Request.
  Time since last request: 3.221518 seconds.
  path: Assets/Prefabs/Enemy.prefab
  artifactKey: Guid(f47b1eca6661d104ba9f5b33efdbee18) Importer(815301076,1909f56bfc062723c751e8b465ee728b)
Start importing Assets/Prefabs/Enemy.prefab using Guid(f47b1eca6661d104ba9f5b33efdbee18) Importer(815301076,1909f56bfc062723c751e8b465ee728b)  -> (artifact id: 'e5e1843de87ec7d52eacf8c860d41f3d') in 0.010777 seconds 
  Import took 0.013950 seconds .

========================================================================
Received Import Request.
  Time since last request: 3.399512 seconds.
  path: Assets/Prefabs/Enemy.prefab
  artifactKey: Guid(f47b1eca6661d104ba9f5b33efdbee18) Importer(815301076,1909f56bfc062723c751e8b465ee728b)
Start importing Assets/Prefabs/Enemy.prefab using Guid(f47b1eca6661d104ba9f5b33efdbee18) Importer(815301076,1909f56bfc062723c751e8b465ee728b)  -> (artifact id: '7c3aea333f9863c957afcad517377e79') in 0.010787 seconds 
  Import took 0.014499 seconds .

========================================================================
Received Import Request.
  Time since last request: 4.213977 seconds.
  path: Assets/Prefabs/Enemy.prefab
  artifactKey: Guid(f47b1eca6661d104ba9f5b33efdbee18) Importer(815301076,1909f56bfc062723c751e8b465ee728b)
Start importing Assets/Prefabs/Enemy.prefab using Guid(f47b1eca6661d104ba9f5b33efdbee18) Importer(815301076,1909f56bfc062723c751e8b465ee728b)  -> (artifact id: '88ea510d49aa8e4c872f08c42e265b93') in 0.010401 seconds 
  Import took 0.013723 seconds .

========================================================================
Received Import Request.
  Time since last request: 3.821241 seconds.
  path: Assets/Prefabs/Enemy.prefab
  artifactKey: Guid(f47b1eca6661d104ba9f5b33efdbee18) Importer(815301076,1909f56bfc062723c751e8b465ee728b)
Start importing Assets/Prefabs/Enemy.prefab using Guid(f47b1eca6661d104ba9f5b33efdbee18) Importer(815301076,1909f56bfc062723c751e8b465ee728b)  -> (artifact id: 'a17e6988f9483ddcc3bb9e98f7ff9850') in 0.010687 seconds 
  Import took 0.013947 seconds .

========================================================================
Received Import Request.
  Time since last request: 22.688495 seconds.
  path: Assets/Prefabs/Enemy.prefab
  artifactKey: Guid(f47b1eca6661d104ba9f5b33efdbee18) Importer(815301076,1909f56bfc062723c751e8b465ee728b)
Start importing Assets/Prefabs/Enemy.prefab using Guid(f47b1eca6661d104ba9f5b33efdbee18) Importer(815301076,1909f56bfc062723c751e8b465ee728b)  -> (artifact id: '1644bafa0f8316fae5ad1245e678f216') in 0.011798 seconds 
  Import took 0.014591 seconds .

========================================================================
Received Import Request.
  Time since last request: 11.081616 seconds.
  path: Assets/Prefabs/Enemy.prefab
  artifactKey: Guid(f47b1eca6661d104ba9f5b33efdbee18) Importer(815301076,1909f56bfc062723c751e8b465ee728b)
Start importing Assets/Prefabs/Enemy.prefab using Guid(f47b1eca6661d104ba9f5b33efdbee18) Importer(815301076,1909f56bfc062723c751e8b465ee728b)  -> (artifact id: 'c9dbd45089d8599adabb7ee3bc6ee759') in 0.012399 seconds 
  Import took 0.015155 seconds .

========================================================================
Received Import Request.
  Time since last request: 1.785750 seconds.
  path: Assets/Prefabs/Enemy.prefab
  artifactKey: Guid(f47b1eca6661d104ba9f5b33efdbee18) Importer(815301076,1909f56bfc062723c751e8b465ee728b)
Start importing Assets/Prefabs/Enemy.prefab using Guid(f47b1eca6661d104ba9f5b33efdbee18) Importer(815301076,1909f56bfc062723c751e8b465ee728b)  -> (artifact id: '432457f321516aeac4d64072be2ca9eb') in 0.010705 seconds 
  Import took 0.014061 seconds .

========================================================================
Received Import Request.
  Time since last request: 5.841632 seconds.
  path: Assets/Prefabs/Enemy.prefab
  artifactKey: Guid(f47b1eca6661d104ba9f5b33efdbee18) Importer(815301076,1909f56bfc062723c751e8b465ee728b)
Start importing Assets/Prefabs/Enemy.prefab using Guid(f47b1eca6661d104ba9f5b33efdbee18) Importer(815301076,1909f56bfc062723c751e8b465ee728b)  -> (artifact id: '8860d0a6df76768989cf9b96f9f243eb') in 0.010542 seconds 
  Import took 0.013814 seconds .

========================================================================
Received Import Request.
  Time since last request: 2.816058 seconds.
  path: Assets/Prefabs/Enemy.prefab
  artifactKey: Guid(f47b1eca6661d104ba9f5b33efdbee18) Importer(815301076,1909f56bfc062723c751e8b465ee728b)
Start importing Assets/Prefabs/Enemy.prefab using Guid(f47b1eca6661d104ba9f5b33efdbee18) Importer(815301076,1909f56bfc062723c751e8b465ee728b)  -> (artifact id: '3c6c5fe797d7a3bf35e6ead42aa82e6d') in 0.010080 seconds 
  Import took 0.013399 seconds .

========================================================================
Received Import Request.
  Time since last request: 1.397198 seconds.
  path: Assets/Prefabs/Enemy.prefab
  artifactKey: Guid(f47b1eca6661d104ba9f5b33efdbee18) Importer(815301076,1909f56bfc062723c751e8b465ee728b)
Start importing Assets/Prefabs/Enemy.prefab using Guid(f47b1eca6661d104ba9f5b33efdbee18) Importer(815301076,1909f56bfc062723c751e8b465ee728b)  -> (artifact id: '60dfdef0165b356341e40762f7ee20c6') in 0.010844 seconds 
  Import took 0.014161 seconds .

========================================================================
Received Import Request.
  Time since last request: 6.634304 seconds.
  path: Assets/Prefabs/Enemy.prefab
  artifactKey: Guid(f47b1eca6661d104ba9f5b33efdbee18) Importer(815301076,1909f56bfc062723c751e8b465ee728b)
Start importing Assets/Prefabs/Enemy.prefab using Guid(f47b1eca6661d104ba9f5b33efdbee18) Importer(815301076,1909f56bfc062723c751e8b465ee728b)  -> (artifact id: '0cc79ac2657ba42c9b8e03581d87b7d8') in 0.010299 seconds 
  Import took 0.013775 seconds .

========================================================================
Received Import Request.
  Time since last request: 6.823251 seconds.
  path: Assets/Prefabs/Enemy.prefab
  artifactKey: Guid(f47b1eca6661d104ba9f5b33efdbee18) Importer(815301076,1909f56bfc062723c751e8b465ee728b)
Start importing Assets/Prefabs/Enemy.prefab using Guid(f47b1eca6661d104ba9f5b33efdbee18) Importer(815301076,1909f56bfc062723c751e8b465ee728b)  -> (artifact id: '054ba7a50748a21675e446e54c00c39c') in 0.010865 seconds 
  Import took 0.014201 seconds .

========================================================================
Received Import Request.
  Time since last request: 1.803975 seconds.
  path: Assets/Prefabs/Enemy.prefab
  artifactKey: Guid(f47b1eca6661d104ba9f5b33efdbee18) Importer(815301076,1909f56bfc062723c751e8b465ee728b)
Start importing Assets/Prefabs/Enemy.prefab using Guid(f47b1eca6661d104ba9f5b33efdbee18) Importer(815301076,1909f56bfc062723c751e8b465ee728b)  -> (artifact id: '61dee4d853c7c9f4627b1a1b94156f3d') in 0.010878 seconds 
  Import took 0.014163 seconds .

========================================================================
Received Import Request.
  Time since last request: 1.795216 seconds.
  path: Assets/Prefabs/Enemy.prefab
  artifactKey: Guid(f47b1eca6661d104ba9f5b33efdbee18) Importer(815301076,1909f56bfc062723c751e8b465ee728b)
Start importing Assets/Prefabs/Enemy.prefab using Guid(f47b1eca6661d104ba9f5b33efdbee18) Importer(815301076,1909f56bfc062723c751e8b465ee728b)  -> (artifact id: 'aefaa6408fa74fe91e9dc500fa6fb5ef') in 0.011788 seconds 
  Import took 0.015841 seconds .

========================================================================
Received Import Request.
  Time since last request: 3.409928 seconds.
  path: Assets/Prefabs/Enemy.prefab
  artifactKey: Guid(f47b1eca6661d104ba9f5b33efdbee18) Importer(815301076,1909f56bfc062723c751e8b465ee728b)
Start importing Assets/Prefabs/Enemy.prefab using Guid(f47b1eca6661d104ba9f5b33efdbee18) Importer(815301076,1909f56bfc062723c751e8b465ee728b)  -> (artifact id: '1f8f435d7881c97d864dc7a16d127fd7') in 0.010221 seconds 
  Import took 0.013445 seconds .

========================================================================
Received Import Request.
  Time since last request: 42.996335 seconds.
  path: Assets/Materials/Red_mat.mat
  artifactKey: Guid(0fe25656dbf0a8d489a9590484d31a04) Importer(815301076,1909f56bfc062723c751e8b465ee728b)
Start importing Assets/Materials/Red_mat.mat using Guid(0fe25656dbf0a8d489a9590484d31a04) Importer(815301076,1909f56bfc062723c751e8b465ee728b)  -> (artifact id: '72d2fd671fa4010407310171a32d9ffb') in 0.012304 seconds 
  Import took 0.015177 seconds .

========================================================================
Received Import Request.
  Time since last request: 21.369401 seconds.
  path: Assets/Materials/Orange_mat.mat
  artifactKey: Guid(2d43884c9e6dfcd429c6c0c4cf329de8) Importer(815301076,1909f56bfc062723c751e8b465ee728b)
Start importing Assets/Materials/Orange_mat.mat using Guid(2d43884c9e6dfcd429c6c0c4cf329de8) Importer(815301076,1909f56bfc062723c751e8b465ee728b)  -> (artifact id: '5604ef0fc8b335dac5042d57def36f7c') in 0.011285 seconds 
  Import took 0.013953 seconds .

========================================================================
Received Import Request.
  Time since last request: 20.408814 seconds.
  path: Assets/Materials/Orange_mat.mat
  artifactKey: Guid(2d43884c9e6dfcd429c6c0c4cf329de8) Importer(815301076,1909f56bfc062723c751e8b465ee728b)
Start importing Assets/Materials/Orange_mat.mat using Guid(2d43884c9e6dfcd429c6c0c4cf329de8) Importer(815301076,1909f56bfc062723c751e8b465ee728b)  -> (artifact id: '5157ee92d4d8bfef3c946da6684e103b') in 0.009350 seconds 
  Import took 0.011921 seconds .

========================================================================
Received Import Request.
  Time since last request: 0.000266 seconds.
  path: Assets/Materials/Red_mat.mat
  artifactKey: Guid(0fe25656dbf0a8d489a9590484d31a04) Importer(815301076,1909f56bfc062723c751e8b465ee728b)
Start importing Assets/Materials/Red_mat.mat using Guid(0fe25656dbf0a8d489a9590484d31a04) Importer(815301076,1909f56bfc062723c751e8b465ee728b)  -> (artifact id: '2233776f50971658e74a7ce0477d83f4') in 0.009459 seconds 
  Import took 0.011864 seconds .

========================================================================
Received Import Request.
  Time since last request: 302.158944 seconds.
  path: Assets/Prefabs/Enemy.prefab
  artifactKey: Guid(f47b1eca6661d104ba9f5b33efdbee18) Importer(815301076,1909f56bfc062723c751e8b465ee728b)
Start importing Assets/Prefabs/Enemy.prefab using Guid(f47b1eca6661d104ba9f5b33efdbee18) Importer(815301076,1909f56bfc062723c751e8b465ee728b)  -> (artifact id: '94299dc7435da43d3f720e31c5499955') in 0.009385 seconds 
  Import took 0.012116 seconds .

========================================================================
Received Import Request.
  Time since last request: 67.011666 seconds.
  path: Assets/Materials/Transparent_mat.mat
  artifactKey: Guid(b208d68dd66fc004f9546b80596065c8) Importer(815301076,1909f56bfc062723c751e8b465ee728b)
Start importing Assets/Materials/Transparent_mat.mat using Guid(b208d68dd66fc004f9546b80596065c8) Importer(815301076,1909f56bfc062723c751e8b465ee728b)  -> (artifact id: '7d9a619d107a0c69017dcc20f82f5b0b') in 0.011313 seconds 
  Import took 0.013959 seconds .

========================================================================
Received Import Request.
  Time since last request: 92.258695 seconds.
  path: Assets/Materials/Orange_mat.mat
  artifactKey: Guid(2d43884c9e6dfcd429c6c0c4cf329de8) Importer(815301076,1909f56bfc062723c751e8b465ee728b)
Start importing Assets/Materials/Orange_mat.mat using Guid(2d43884c9e6dfcd429c6c0c4cf329de8) Importer(815301076,1909f56bfc062723c751e8b465ee728b)  -> (artifact id: '6142fb5909eb876cc2f359ea5b10daaa') in 0.017749 seconds 
  Import took 0.020607 seconds .

========================================================================
Received Import Request.
  Time since last request: 0.000268 seconds.
  path: Assets/Materials/Red_mat.mat
  artifactKey: Guid(0fe25656dbf0a8d489a9590484d31a04) Importer(815301076,1909f56bfc062723c751e8b465ee728b)
Start importing Assets/Materials/Red_mat.mat using Guid(0fe25656dbf0a8d489a9590484d31a04) Importer(815301076,1909f56bfc062723c751e8b465ee728b)  -> (artifact id: '9c4fc7bd979b00794c7e7e082281b492') in 0.011220 seconds 
  Import took 0.014678 seconds .

AssetImportWorkerClient::OnTransportError - code=2 error=End of file
